0 info it worked if it ends with ok
1 verbose cli [ '/Users/ekavali/.nvm/v0.10.40/bin/node',
1 verbose cli   '/Users/ekavali/.nvm/v0.10.40/bin/npm',
1 verbose cli   'install' ]
2 info using npm@1.4.28
3 info using node@v0.10.40
4 verbose readDependencies using package.json deps
5 verbose install where, deps [ '/Users/ekavali/git/amida-tech/orange-clinical',
5 verbose install   [ 'grunt',
5 verbose install     'grunt-bump',
5 verbose install     'grunt-coffeelint',
5 verbose install     'grunt-contrib-clean',
5 verbose install     'grunt-contrib-coffee',
5 verbose install     'grunt-contrib-concat',
5 verbose install     'grunt-contrib-copy',
5 verbose install     'grunt-contrib-jshint',
5 verbose install     'grunt-contrib-less',
5 verbose install     'grunt-contrib-sass',
5 verbose install     'grunt-contrib-uglify',
5 verbose install     'grunt-contrib-watch',
5 verbose install     'grunt-conventional-changelog',
5 verbose install     'grunt-html2js',
5 verbose install     'grunt-karma',
5 verbose install     'grunt-ng-annotate',
5 verbose install     'karma',
5 verbose install     'karma-coffee-preprocessor',
5 verbose install     'karma-firefox-launcher',
5 verbose install     'karma-jasmine' ] ]
6 info preinstall orange-clinical@0.1.0
7 verbose readDependencies using package.json deps
8 verbose already installed skipping grunt@~0.4.1 /Users/ekavali/git/amida-tech/orange-clinical
9 verbose already installed skipping grunt-bump@0.0.6 /Users/ekavali/git/amida-tech/orange-clinical
10 verbose already installed skipping grunt-coffeelint@~0.0.10 /Users/ekavali/git/amida-tech/orange-clinical
11 verbose already installed skipping grunt-contrib-clean@^0.4.1 /Users/ekavali/git/amida-tech/orange-clinical
12 verbose already installed skipping grunt-contrib-coffee@^0.7.0 /Users/ekavali/git/amida-tech/orange-clinical
13 verbose already installed skipping grunt-contrib-concat@^0.3.0 /Users/ekavali/git/amida-tech/orange-clinical
14 verbose already installed skipping grunt-contrib-copy@^0.4.1 /Users/ekavali/git/amida-tech/orange-clinical
15 verbose already installed skipping grunt-contrib-jshint@^0.4.3 /Users/ekavali/git/amida-tech/orange-clinical
16 verbose already installed skipping grunt-contrib-less@~0.11.0 /Users/ekavali/git/amida-tech/orange-clinical
17 verbose already installed skipping grunt-contrib-sass@^0.9.2 /Users/ekavali/git/amida-tech/orange-clinical
18 verbose already installed skipping grunt-contrib-uglify@^0.2.7 /Users/ekavali/git/amida-tech/orange-clinical
19 verbose already installed skipping grunt-contrib-watch@^0.4.4 /Users/ekavali/git/amida-tech/orange-clinical
20 verbose already installed skipping grunt-conventional-changelog@^0.1.2 /Users/ekavali/git/amida-tech/orange-clinical
21 verbose already installed skipping grunt-html2js@^0.1.9 /Users/ekavali/git/amida-tech/orange-clinical
22 verbose already installed skipping grunt-karma@^0.8.2 /Users/ekavali/git/amida-tech/orange-clinical
23 verbose already installed skipping grunt-ng-annotate@^0.8.0 /Users/ekavali/git/amida-tech/orange-clinical
24 verbose already installed skipping karma@^0.12.9 /Users/ekavali/git/amida-tech/orange-clinical
25 verbose already installed skipping karma-coffee-preprocessor@^0.2.1 /Users/ekavali/git/amida-tech/orange-clinical
26 verbose already installed skipping karma-firefox-launcher@^0.1.3 /Users/ekavali/git/amida-tech/orange-clinical
27 verbose already installed skipping karma-jasmine@^0.1.5 /Users/ekavali/git/amida-tech/orange-clinical
28 silly resolved []
29 info build /Users/ekavali/git/amida-tech/orange-clinical
30 verbose linkStuff [ false, false, false, '/Users/ekavali/git/amida-tech' ]
31 info linkStuff orange-clinical@0.1.0
32 verbose linkBins orange-clinical@0.1.0
33 verbose linkMans orange-clinical@0.1.0
34 verbose rebuildBundles orange-clinical@0.1.0
35 verbose rebuildBundles [ '.bin',
35 verbose rebuildBundles   'coffeelint',
35 verbose rebuildBundles   'grunt',
35 verbose rebuildBundles   'grunt-bump',
35 verbose rebuildBundles   'grunt-coffeelint',
35 verbose rebuildBundles   'grunt-contrib-clean',
35 verbose rebuildBundles   'grunt-contrib-coffee',
35 verbose rebuildBundles   'grunt-contrib-concat',
35 verbose rebuildBundles   'grunt-contrib-copy',
35 verbose rebuildBundles   'grunt-contrib-jshint',
35 verbose rebuildBundles   'grunt-contrib-less',
35 verbose rebuildBundles   'grunt-contrib-sass',
35 verbose rebuildBundles   'grunt-contrib-uglify',
35 verbose rebuildBundles   'grunt-contrib-watch',
35 verbose rebuildBundles   'grunt-conventional-changelog',
35 verbose rebuildBundles   'grunt-html2js',
35 verbose rebuildBundles   'grunt-karma',
35 verbose rebuildBundles   'grunt-ng-annotate',
35 verbose rebuildBundles   'karma',
35 verbose rebuildBundles   'karma-coffee-preprocessor',
35 verbose rebuildBundles   'karma-firefox-launcher',
35 verbose rebuildBundles   'karma-jasmine' ]
36 verbose rebuild bundle /Users/ekavali/git/amida-tech/orange-clinical/node_modules/coffeelint
37 info build /Users/ekavali/git/amida-tech/orange-clinical/node_modules/coffeelint
38 info preinstall coffeelint@1.13.0
39 verbose linkStuff [ false,
39 verbose linkStuff   false,
39 verbose linkStuff   false,
39 verbose linkStuff   '/Users/ekavali/git/amida-tech/orange-clinical/node_modules' ]
40 info linkStuff coffeelint@1.13.0
41 verbose linkBins coffeelint@1.13.0
42 verbose link bins [ { coffeelint: './bin/coffeelint' },
42 verbose link bins   '/Users/ekavali/git/amida-tech/orange-clinical/node_modules/.bin',
42 verbose link bins   false ]
43 verbose linkMans coffeelint@1.13.0
44 verbose rebuildBundles coffeelint@1.13.0
45 verbose rebuildBundles [ '.bin',
45 verbose rebuildBundles   'coffee-script',
45 verbose rebuildBundles   'glob',
45 verbose rebuildBundles   'ignore',
45 verbose rebuildBundles   'optimist',
45 verbose rebuildBundles   'resolve',
45 verbose rebuildBundles   'strip-json-comments' ]
46 info install coffeelint@1.13.0
47 verbose unsafe-perm in lifecycle false
48 info coffeelint@1.13.0 Failed to exec install script
49 error coffeelint@1.13.0 install: `cake install`
49 error Exit status 8
50 error Failed at the coffeelint@1.13.0 install script.
50 error This is most likely a problem with the coffeelint package,
50 error not with npm itself.
50 error Tell the author that this fails on your system:
50 error     cake install
50 error You can get their info via:
50 error     npm owner ls coffeelint
50 error There is likely additional logging output above.
51 error System Darwin 15.0.0
52 error command "/Users/ekavali/.nvm/v0.10.40/bin/node" "/Users/ekavali/.nvm/v0.10.40/bin/npm" "install"
53 error cwd /Users/ekavali/git/amida-tech/orange-clinical
54 error node -v v0.10.40
55 error npm -v 1.4.28
56 error code ELIFECYCLE
57 verbose exit [ 1, true ]
